<?xml version="1.0" encoding="UTF-8"?>
<!-- Generated by org.testng.reporters.JUnitReportReporter -->
<testsuite hostname="VishwasShenoy" name="googleTest.SimpleSearchTest" tests="1" failures="0" timestamp="11 Mar 2017 20:32:12 GMT" time="5.903" errors="0">
  <testcase name="searchTest" time="5.903" classname="googleTest.SimpleSearchTest"/>
</testsuite> <!-- googleTest.SimpleSearchTest -->
